<?xml version="1.0" encoding="UTF-8"?>
<testng-results ignored="0" total="1" passed="1" failed="0" skipped="0">
  <reporter-output>
  </reporter-output>
  <suite started-at="2024-04-27T14:33:16Z" name="Default suite" finished-at="2024-04-27T14:33:23Z" duration-ms="6800">
    <groups>
    </groups>
    <test started-at="2024-04-27T14:33:16Z" name="Default test" finished-at="2024-04-27T14:33:23Z" duration-ms="6800">
      <class name="pruebang.SelTest">
        <test-method signature="test01()[pri:0, instance:pruebang.SelTest@19e4653c]" started-at="2024-04-27T10:33:16Z" name="test01" finished-at="2024-04-27T10:33:23Z" duration-ms="6787" status="PASS">
          <reporter-output>
          </reporter-output>
        </test-method> <!-- test01 -->
      </class> <!-- pruebang.SelTest -->
    </test> <!-- Default test -->
  </suite> <!-- Default suite -->
</testng-results>
